<?xml version="1.0" encoding="UTF-8"?>
<!-- Generated by org.testng.reporters.JUnitReportReporter -->
<testsuite hostname="DanSannLab" failures="0" tests="1" name="seleniumtests.AlertsDemo" time="9.208" errors="0" timestamp="2023-06-20T11:36:43 EDT" skipped="0">
  <testcase classname="seleniumtests.AlertsDemo" name="testAlertFunctionality" time="9.208"/>
  <system-out/>
</testsuite> <!-- seleniumtests.AlertsDemo -->
