<?xml version="1.0" encoding="UTF-8"?>
<!-- Generated by org.testng.reporters.JUnitReportReporter -->
<testsuite hostname="DanSannLab" failures="0" tests="1" name="seleniumDBtests.SelectAllPerson" time="0.082" errors="0" timestamp="2023-07-29T13:42:54 EDT" skipped="0">
  <testcase classname="seleniumDBtests.SelectAllPerson" name="printDBTable" time="0.082"/>
  <system-out/>
</testsuite> <!-- seleniumDBtests.SelectAllPerson -->
