<?xml version="1.0" encoding="UTF-8"?>
<!-- Generated by org.testng.reporters.JUnitReportReporter -->
<testsuite hostname="DanSannLab" failures="0" tests="3" name="seleniumtests.SyntaxCheckBoxDemo" time="20.444" errors="0" timestamp="2023-06-20T11:36:43 EDT" skipped="0">
  <testcase classname="seleniumtests.SyntaxCheckBoxDemo" name="testSingleCheckBox" time="2.079"/>
  <system-out/>
  <testcase classname="seleniumtests.SyntaxCheckBoxDemo" name="testMultipleCheckBoxes" time="8.282"/>
  <system-out/>
  <testcase classname="seleniumtests.SyntaxCheckBoxDemo" name="testWaitOfSingleCheckBox" time="10.083"/>
  <system-out/>
</testsuite> <!-- seleniumtests.SyntaxCheckBoxDemo -->
