<?xml version="1.0" encoding="UTF-8"?>
<!-- Generated by org.testng.reporters.JUnitReportReporter -->
<testsuite hostname="DanSannLab" failures="0" tests="1" name="seleniumtests.AlertsFramesWindowHandlesDemo" time="9.460" errors="0" timestamp="2023-06-10T12:06:54 EDT" skipped="0">
  <testcase classname="seleniumtests.AlertsFramesWindowHandlesDemo" name="testAlertFunctionality" time="9.460"/>
  <system-out/>
</testsuite> <!-- seleniumtests.AlertsFramesWindowHandlesDemo -->
