<?xml version="1.0" encoding="UTF-8"?>
<!-- Generated by org.testng.reporters.JUnitReportReporter -->
<testsuite hostname="DanSannLab" failures="0" tests="2" name="seleniumtests.ReviewTable" time="1.783" errors="0" timestamp="2023-06-20T11:36:43 EDT" skipped="0">
  <testcase classname="seleniumtests.ReviewTable" name="testTable" time="1.572"/>
  <system-out/>
  <testcase classname="seleniumtests.ReviewTable" name="checkBoxWhereStateIsUSAndCardIsMastercard" time="0.211"/>
  <system-out/>
</testsuite> <!-- seleniumtests.ReviewTable -->
