<?xml version="1.0" encoding="UTF-8"?>
<!-- Generated by org.testng.reporters.JUnitReportReporter -->
<testsuite hostname="DanSannLab" failures="0" tests="1" name="seleniumtests.FacebookLogIn" time="34.464" errors="0" timestamp="2023-06-20T11:36:43 EDT" skipped="0">
  <testcase classname="seleniumtests.FacebookLogIn" name="checkFacebookInvalidLogIn" time="34.464"/>
  <system-out/>
</testsuite> <!-- seleniumtests.FacebookLogIn -->
